Traceback (most recent call last):
  File "/home/ubuntu/projects/n2v2r/simulation_exp/sim_experiment_vs_dedi.py", line 13, in <module>
    from model import N2V2R
  File "/home/ubuntu/projects/n2v2r/simulation_exp/../node2vec2rank/model.py", line 13, in <module>
    from preprocessing_utils import network_transform
  File "/home/ubuntu/projects/n2v2r/simulation_exp/../node2vec2rank/preprocessing_utils.py", line 5, in <module>
    import plotly.graph_objects as go
ModuleNotFoundError: No module named 'plotly'
Traceback (most recent call last):
  File "/home/ubuntu/projects/n2v2r/simulation_exp/sim_experiment_vs_dedi.py", line 453, in <module>
    main()
  File "/home/ubuntu/projects/n2v2r/simulation_exp/sim_experiment_vs_dedi.py", line 448, in main
    dbsm_experiment(num_nodes, num_com, num_samples=num_samples, config_fn=n2v2r_config, min_comm_prob=0.0, max_comm_prob=0.5, uniform_node_comm_assignment=sample_uni,
  File "/home/ubuntu/projects/n2v2r/simulation_exp/sim_experiment_vs_dedi.py", line 277, in dbsm_experiment
    config = json.load(open(config_fn, 'r'))
FileNotFoundError: [Errno 2] No such file or directory: '../configs/sim_experiment_dims_six.json'
Traceback (most recent call last):
  File "/home/ubuntu/projects/n2v2r/simulation_exp/sim_experiment_dims_six.py", line 3, in <module>
    from post_utils import discounted_cumulative_gain, normalized_discounted_cumulative_gain
ModuleNotFoundError: No module named 'post_utils'
Traceback (most recent call last):
  File "/home/ubuntu/projects/n2v2r/simulation_exp/sim_experiment_dims_six.py", line 575, in <module>
    main()
  File "/home/ubuntu/projects/n2v2r/simulation_exp/sim_experiment_dims_six.py", line 570, in main
    dbsm_experiment(num_nodes, num_com, num_samples=num_samples, config_fn=n2v2r_config, min_comm_prob=0.0, max_comm_prob=0.5, uniform_node_comm_assignment=sample_uni,
  File "/home/ubuntu/projects/n2v2r/simulation_exp/sim_experiment_dims_six.py", line 323, in dbsm_experiment
    rankings = model.fit_transform_rank()['1vs2']
KeyError: '1vs2'
Traceback (most recent call last):
  File "/home/ubuntu/projects/n2v2r/simulation_exp/sim_experiment_dims_six.py", line 575, in <module>
    main()
  File "/home/ubuntu/projects/n2v2r/simulation_exp/sim_experiment_dims_six.py", line 570, in main
    dbsm_experiment(num_nodes, num_com, num_samples=num_samples, config_fn=n2v2r_config, min_comm_prob=0.0, max_comm_prob=0.5, uniform_node_comm_assignment=sample_uni,
  File "/home/ubuntu/projects/n2v2r/simulation_exp/sim_experiment_dims_six.py", line 351, in dbsm_experiment
    _, n2v2r_one_non_binary_scores, n2v2r_one_binary_scores, n2v2r_one_recalls,_ = evaluate_DBSM_ranking(
  File "/home/ubuntu/projects/n2v2r/simulation_exp/sim_experiment_dims_six.py", line 237, in evaluate_DBSM_ranking
    total_ndcg_score = discounted_cumulative_gain(ranking_mapped_to_relevances)
NameError: name 'discounted_cumulative_gain' is not defined
